<?xml version="1.0" encoding="UTF-8"?>
<!-- Generated by org.testng.reporters.JUnitXMLReporter -->
<testsuite hostname="JexPC" ignored="0" name="Default test" tests="2" failures="0" timestamp="10 Aug 2019 14:51:00 GMT" time="19.846" errors="0">
  <testcase name="forgotPassword" time="4.241" classname="com.testsuite.useraccount.testcase5_forgotPassword"/>
  <testcase name="forgotPasswordNonExistentUser" time="3.352" classname="com.testsuite.useraccount.testcase5_forgotPassword"/>
</testsuite> <!-- Default test -->
