<?xml version="1.0" encoding="UTF-8"?>
<!-- Generated by org.testng.reporters.JUnitXMLReporter -->
<testsuite hostname="JexPC" ignored="0" name="Test - Verify and Login" tests="3" failures="0" timestamp="10 Aug 2019 15:36:05 GMT" time="30.762" errors="0">
  <testcase name="verifyHomePage" time="0.013" classname="com.testsuite.useraccount.testcase1_verifyHomePage"/>
  <testcase name="userLogin" time="4.113" classname="com.testsuite.useraccount.testcase3_userLogin"/>
  <testcase name="userLogout" time="2.338" classname="com.testsuite.useraccount.testcase3_userLogin"/>
</testsuite> <!-- Test - Verify and Login -->
