<?xml version="1.0" encoding="UTF-8"?>
<testng-results skipped="0" failed="0" ignored="0" total="3" passed="3">
  <reporter-output>
  </reporter-output>
  <suite name="com.testsuite.useraccount" duration-ms="40741" started-at="2019-07-30T17:29:56Z" finished-at="2019-07-30T17:30:37Z">
    <groups>
    </groups>
    <test name="UserAccount" duration-ms="40741" started-at="2019-07-30T17:29:56Z" finished-at="2019-07-30T17:30:37Z">
      <class name="com.testsuite.useraccount.testcase2_userRegistration">
        <test-method status="PASS" signature="userRegistration()[pri:0, instance:com.testsuite.useraccount.testcase2_userRegistration@39aeed2f]" name="userRegistration" duration-ms="2852" started-at="2019-07-30T17:30:29Z" finished-at="2019-07-30T17:30:32Z">
          <reporter-output>
          </reporter-output>
        </test-method> <!-- userRegistration -->
      </class> <!-- com.testsuite.useraccount.testcase2_userRegistration -->
      <class name="com.testsuite.useraccount.testcase1_verifyHomePage">
        <test-method status="PASS" signature="openBrowser()[pri:0, instance:com.testsuite.useraccount.testcase1_verifyHomePage@5c7fa833]" name="openBrowser" is-config="true" duration-ms="11378" started-at="2019-07-30T17:29:56Z" finished-at="2019-07-30T17:30:07Z">
          <reporter-output>
          </reporter-output>
        </test-method> <!-- openBrowser -->
        <test-method status="PASS" signature="openBrowser()[pri:0, instance:com.testsuite.useraccount.testcase2_userRegistration@39aeed2f]" name="openBrowser" is-config="true" duration-ms="10518" started-at="2019-07-30T17:30:07Z" finished-at="2019-07-30T17:30:18Z">
          <reporter-output>
          </reporter-output>
        </test-method> <!-- openBrowser -->
        <test-method status="PASS" signature="openBrowser()[pri:0, instance:com.testsuite.useraccount.testcase3_userLogin@724af044]" name="openBrowser" is-config="true" duration-ms="10648" started-at="2019-07-30T17:30:18Z" finished-at="2019-07-30T17:30:29Z">
          <reporter-output>
          </reporter-output>
        </test-method> <!-- openBrowser -->
        <test-method status="PASS" signature="verifyHomePage()[pri:0, instance:com.testsuite.useraccount.testcase1_verifyHomePage@5c7fa833]" name="verifyHomePage" duration-ms="15" started-at="2019-07-30T17:30:29Z" finished-at="2019-07-30T17:30:29Z">
          <reporter-output>
          </reporter-output>
        </test-method> <!-- verifyHomePage -->
        <test-method status="PASS" signature="closeBrowser()[pri:0, instance:com.testsuite.useraccount.testcase1_verifyHomePage@5c7fa833]" name="closeBrowser" is-config="true" duration-ms="744" started-at="2019-07-30T17:30:36Z" finished-at="2019-07-30T17:30:37Z">
          <reporter-output>
          </reporter-output>
        </test-method> <!-- closeBrowser -->
        <test-method status="PASS" signature="closeBrowser()[pri:0, instance:com.testsuite.useraccount.testcase3_userLogin@724af044]" name="closeBrowser" is-config="true" duration-ms="0" started-at="2019-07-30T17:30:37Z" finished-at="2019-07-30T17:30:37Z">
          <reporter-output>
          </reporter-output>
        </test-method> <!-- closeBrowser -->
        <test-method status="PASS" signature="closeBrowser()[pri:0, instance:com.testsuite.useraccount.testcase2_userRegistration@39aeed2f]" name="closeBrowser" is-config="true" duration-ms="0" started-at="2019-07-30T17:30:37Z" finished-at="2019-07-30T17:30:37Z">
          <reporter-output>
          </reporter-output>
        </test-method> <!-- closeBrowser -->
      </class> <!-- com.testsuite.useraccount.testcase1_verifyHomePage -->
      <class name="com.testsuite.useraccount.testcase3_userLogin">
        <test-method status="PASS" signature="userLogin()[pri:0, instance:com.testsuite.useraccount.testcase3_userLogin@724af044]" name="userLogin" duration-ms="4560" started-at="2019-07-30T17:30:32Z" finished-at="2019-07-30T17:30:36Z">
          <reporter-output>
          </reporter-output>
        </test-method> <!-- userLogin -->
      </class> <!-- com.testsuite.useraccount.testcase3_userLogin -->
    </test> <!-- UserAccount -->
  </suite> <!-- com.testsuite.useraccount -->
</testng-results>
