<?xml version="1.0" encoding="UTF-8"?>
<!-- Generated by org.testng.reporters.JUnitXMLReporter -->
<testsuite hostname="JexPC" ignored="0" name="UserAccount" tests="3" failures="0" timestamp="30 Jul 2019 17:30:37 GMT" time="40.741" errors="0">
  <testcase name="verifyHomePage" time="0.015" classname="com.testsuite.useraccount.testcase1_verifyHomePage"/>
  <testcase name="userRegistration" time="2.852" classname="com.testsuite.useraccount.testcase2_userRegistration"/>
  <testcase name="userLogin" time="4.56" classname="com.testsuite.useraccount.testcase3_userLogin"/>
</testsuite> <!-- UserAccount -->
