<?xml version="1.0" encoding="UTF-8"?>
<!-- Generated by org.testng.reporters.JUnitXMLReporter -->
<testsuite hostname="JexPC" ignored="0" name="Test - ExistingUserandForgot Password" tests="3" failures="0" timestamp="10 Aug 2019 15:40:39 GMT" time="34.336" errors="0">
  <testcase name="existingUser" time="3.206" classname="com.testsuite.useraccount.testcase4_existingUser"/>
  <testcase name="forgotPassword" time="4.527" classname="com.testsuite.useraccount.testcase5_forgotPassword"/>
  <testcase name="forgotPasswordNonExistentUser" time="3.817" classname="com.testsuite.useraccount.testcase5_forgotPassword"/>
</testsuite> <!-- Test - ExistingUserandForgot Password -->
